[debug] [2022-03-22T16:56:38.795Z] ----------------------------------------------------------------------
[debug] [2022-03-22T16:56:38.803Z] Command:       /usr/bin/node /usr/bin/firebase init
[debug] [2022-03-22T16:56:38.803Z] CLI Version:   10.2.0
[debug] [2022-03-22T16:56:38.804Z] Platform:      linux
[debug] [2022-03-22T16:56:38.804Z] Node Version:  v17.5.0
[debug] [2022-03-22T16:56:38.805Z] Time:          Tue Mar 22 2022 17:56:38 GMT+0100 (West Africa Standard Time)
[debug] [2022-03-22T16:56:38.806Z] ----------------------------------------------------------------------
[debug] 
[debug] [2022-03-22T16:56:38.834Z] > command requires scopes: ["email","openid","https://www.googleapis.com/auth/cloudplatformprojects.readonly","https://www.googleapis.com/auth/firebase","https://www.googleapis.com/auth/cloud-platform"]
[debug] [2022-03-22T16:56:38.836Z] > authorizing via signed-in user (folami.bidmus@gmail.com)
[info] 
     ######## #### ########  ######## ########     ###     ######  ########
     ##        ##  ##     ## ##       ##     ##  ##   ##  ##       ##
     ######    ##  ########  ######   ########  #########  ######  ######
     ##        ##  ##    ##  ##       ##     ## ##     ##       ## ##
     ##       #### ##     ## ######## ########  ##     ##  ######  ########

You're about to initialize a Firebase project in this directory:

  /mnt/c/Users/folam/Desktop/coursera-cs400/CS50 React Native/amazon-e-commerce-clone

Before we get started, keep in mind:

  * You are currently outside your home directory

